<?xml version="1.0" encoding="UTF-8"?>
<testsuite xmlns:xsi="http://www.w3.org/2001/XMLSchema-instance" xsi:noNamespaceSchemaLocation="https://maven.apache.org/surefire/maven-surefire-plugin/xsd/surefire-test-report.xsd" name="com.javathoughts.wiremock_graphql_1.GraphQLTest" time="0.189" tests="1" errors="1" skipped="0" failures="0">
  <properties>
    <property name="java.specification.version" value="17"/>
    <property name="sun.jnu.encoding" value="UTF-8"/>
    <property name="java.class.path" value="/Users/javedshaikh/Desktop/Javed/Projects/wiremock-graphql-1/target/test-classes:/Users/javedshaikh/Desktop/Javed/Projects/wiremock-graphql-1/target/classes:/Users/javedshaikh/.m2/repository/org/springframework/boot/spring-boot-starter-web/2.7.1/spring-boot-starter-web-2.7.1.jar:/Users/javedshaikh/.m2/repository/org/springframework/boot/spring-boot-starter/2.7.1/spring-boot-starter-2.7.1.jar:/Users/javedshaikh/.m2/repository/org/springframework/boot/spring-boot/2.7.1/spring-boot-2.7.1.jar:/Users/javedshaikh/.m2/repository/org/springframework/boot/spring-boot-autoconfigure/2.7.1/spring-boot-autoconfigure-2.7.1.jar:/Users/javedshaikh/.m2/repository/jakarta/annotation/jakarta.annotation-api/1.3.5/jakarta.annotation-api-1.3.5.jar:/Users/javedshaikh/.m2/repository/org/yaml/snakeyaml/1.30/snakeyaml-1.30.jar:/Users/javedshaikh/.m2/repository/org/springframework/boot/spring-boot-starter-json/2.7.1/spring-boot-starter-json-2.7.1.jar:/Users/javedshaikh/.m2/repository/com/fasterxml/jackson/core/jackson-databind/2.13.3/jackson-databind-2.13.3.jar:/Users/javedshaikh/.m2/repository/com/fasterxml/jackson/core/jackson-core/2.13.3/jackson-core-2.13.3.jar:/Users/javedshaikh/.m2/repository/com/fasterxml/jackson/datatype/jackson-datatype-jdk8/2.13.3/jackson-datatype-jdk8-2.13.3.jar:/Users/javedshaikh/.m2/repository/com/fasterxml/jackson/datatype/jackson-datatype-jsr310/2.13.3/jackson-datatype-jsr310-2.13.3.jar:/Users/javedshaikh/.m2/repository/com/fasterxml/jackson/module/jackson-module-parameter-names/2.13.3/jackson-module-parameter-names-2.13.3.jar:/Users/javedshaikh/.m2/repository/org/springframework/boot/spring-boot-starter-tomcat/2.7.1/spring-boot-starter-tomcat-2.7.1.jar:/Users/javedshaikh/.m2/repository/org/apache/tomcat/embed/tomcat-embed-core/9.0.64/tomcat-embed-core-9.0.64.jar:/Users/javedshaikh/.m2/repository/org/apache/tomcat/embed/tomcat-embed-el/9.0.64/tomcat-embed-el-9.0.64.jar:/Users/javedshaikh/.m2/repository/org/apache/tomcat/embed/tomcat-embed-websocket/9.0.64/tomcat-embed-websocket-9.0.64.jar:/Users/javedshaikh/.m2/repository/org/springframework/spring-web/5.3.21/spring-web-5.3.21.jar:/Users/javedshaikh/.m2/repository/org/springframework/spring-beans/5.3.21/spring-beans-5.3.21.jar:/Users/javedshaikh/.m2/repository/org/springframework/spring-webmvc/5.3.21/spring-webmvc-5.3.21.jar:/Users/javedshaikh/.m2/repository/org/springframework/spring-aop/5.3.21/spring-aop-5.3.21.jar:/Users/javedshaikh/.m2/repository/org/springframework/spring-context/5.3.21/spring-context-5.3.21.jar:/Users/javedshaikh/.m2/repository/org/springframework/spring-expression/5.3.21/spring-expression-5.3.21.jar:/Users/javedshaikh/.m2/repository/org/springframework/boot/spring-boot-starter-test/2.7.1/spring-boot-starter-test-2.7.1.jar:/Users/javedshaikh/.m2/repository/org/springframework/boot/spring-boot-test/2.7.1/spring-boot-test-2.7.1.jar:/Users/javedshaikh/.m2/repository/org/springframework/boot/spring-boot-test-autoconfigure/2.7.1/spring-boot-test-autoconfigure-2.7.1.jar:/Users/javedshaikh/.m2/repository/com/jayway/jsonpath/json-path/2.7.0/json-path-2.7.0.jar:/Users/javedshaikh/.m2/repository/net/minidev/json-smart/2.4.8/json-smart-2.4.8.jar:/Users/javedshaikh/.m2/repository/net/minidev/accessors-smart/2.4.8/accessors-smart-2.4.8.jar:/Users/javedshaikh/.m2/repository/org/ow2/asm/asm/9.1/asm-9.1.jar:/Users/javedshaikh/.m2/repository/org/slf4j/slf4j-api/1.7.36/slf4j-api-1.7.36.jar:/Users/javedshaikh/.m2/repository/jakarta/xml/bind/jakarta.xml.bind-api/2.3.3/jakarta.xml.bind-api-2.3.3.jar:/Users/javedshaikh/.m2/repository/jakarta/activation/jakarta.activation-api/1.2.2/jakarta.activation-api-1.2.2.jar:/Users/javedshaikh/.m2/repository/org/assertj/assertj-core/3.22.0/assertj-core-3.22.0.jar:/Users/javedshaikh/.m2/repository/org/hamcrest/hamcrest/2.2/hamcrest-2.2.jar:/Users/javedshaikh/.m2/repository/org/junit/jupiter/junit-jupiter/5.8.2/junit-jupiter-5.8.2.jar:/Users/javedshaikh/.m2/repository/org/junit/jupiter/junit-jupiter-api/5.8.2/junit-jupiter-api-5.8.2.jar:/Users/javedshaikh/.m2/repository/org/opentest4j/opentest4j/1.2.0/opentest4j-1.2.0.jar:/Users/javedshaikh/.m2/repository/org/junit/platform/junit-platform-commons/1.8.2/junit-platform-commons-1.8.2.jar:/Users/javedshaikh/.m2/repository/org/apiguardian/apiguardian-api/1.1.2/apiguardian-api-1.1.2.jar:/Users/javedshaikh/.m2/repository/org/junit/jupiter/junit-jupiter-params/5.8.2/junit-jupiter-params-5.8.2.jar:/Users/javedshaikh/.m2/repository/org/junit/jupiter/junit-jupiter-engine/5.8.2/junit-jupiter-engine-5.8.2.jar:/Users/javedshaikh/.m2/repository/org/junit/platform/junit-platform-engine/1.8.2/junit-platform-engine-1.8.2.jar:/Users/javedshaikh/.m2/repository/org/mockito/mockito-core/4.5.1/mockito-core-4.5.1.jar:/Users/javedshaikh/.m2/repository/net/bytebuddy/byte-buddy/1.12.11/byte-buddy-1.12.11.jar:/Users/javedshaikh/.m2/repository/net/bytebuddy/byte-buddy-agent/1.12.11/byte-buddy-agent-1.12.11.jar:/Users/javedshaikh/.m2/repository/org/objenesis/objenesis/3.2/objenesis-3.2.jar:/Users/javedshaikh/.m2/repository/org/mockito/mockito-junit-jupiter/4.5.1/mockito-junit-jupiter-4.5.1.jar:/Users/javedshaikh/.m2/repository/org/skyscreamer/jsonassert/1.5.0/jsonassert-1.5.0.jar:/Users/javedshaikh/.m2/repository/com/vaadin/external/google/android-json/0.0.20131108.vaadin1/android-json-0.0.20131108.vaadin1.jar:/Users/javedshaikh/.m2/repository/org/springframework/spring-core/5.3.21/spring-core-5.3.21.jar:/Users/javedshaikh/.m2/repository/org/springframework/spring-jcl/5.3.21/spring-jcl-5.3.21.jar:/Users/javedshaikh/.m2/repository/org/springframework/spring-test/5.3.21/spring-test-5.3.21.jar:/Users/javedshaikh/.m2/repository/org/xmlunit/xmlunit-core/2.9.0/xmlunit-core-2.9.0.jar:/Users/javedshaikh/.m2/repository/org/springframework/boot/spring-boot-starter-logging/2.7.1/spring-boot-starter-logging-2.7.1.jar:/Users/javedshaikh/.m2/repository/ch/qos/logback/logback-classic/1.2.11/logback-classic-1.2.11.jar:/Users/javedshaikh/.m2/repository/ch/qos/logback/logback-core/1.2.11/logback-core-1.2.11.jar:/Users/javedshaikh/.m2/repository/org/apache/logging/log4j/log4j-to-slf4j/2.17.2/log4j-to-slf4j-2.17.2.jar:/Users/javedshaikh/.m2/repository/org/apache/logging/log4j/log4j-api/2.17.2/log4j-api-2.17.2.jar:/Users/javedshaikh/.m2/repository/org/slf4j/jul-to-slf4j/1.7.36/jul-to-slf4j-1.7.36.jar:/Users/javedshaikh/.m2/repository/com/netflix/graphql/dgs/graphql-dgs-spring-boot-starter/5.0.0/graphql-dgs-spring-boot-starter-5.0.0.jar:/Users/javedshaikh/.m2/repository/com/netflix/graphql/dgs/graphql-dgs-spring-boot-oss-autoconfigure/5.0.0/graphql-dgs-spring-boot-oss-autoconfigure-5.0.0.jar:/Users/javedshaikh/.m2/repository/com/netflix/graphql/dgs/graphql-dgs/5.0.0/graphql-dgs-5.0.0.jar:/Users/javedshaikh/.m2/repository/com/netflix/graphql/dgs/graphql-dgs-mocking/5.0.0/graphql-dgs-mocking-5.0.0.jar:/Users/javedshaikh/.m2/repository/net/datafaker/datafaker/1.3.0/datafaker-1.3.0.jar:/Users/javedshaikh/.m2/repository/com/github/mifmif/generex/1.0.2/generex-1.0.2.jar:/Users/javedshaikh/.m2/repository/dk/brics/automaton/automaton/1.11-8/automaton-1.11-8.jar:/Users/javedshaikh/.m2/repository/org/jetbrains/kotlin/kotlin-reflect/1.6.21/kotlin-reflect-1.6.21.jar:/Users/javedshaikh/.m2/repository/com/apollographql/federation/federation-graphql-java-support/2.0.0/federation-graphql-java-support-2.0.0.jar:/Users/javedshaikh/.m2/repository/com/apollographql/federation/federation-graphql-java-support-api/2.0.0/federation-graphql-java-support-api-2.0.0.jar:/Users/javedshaikh/.m2/repository/com/google/protobuf/protobuf-java/3.19.4/protobuf-java-3.19.4.jar:/Users/javedshaikh/.m2/repository/org/jetbrains/kotlinx/kotlinx-coroutines-core/1.6.3/kotlinx-coroutines-core-1.6.3.jar:/Users/javedshaikh/.m2/repository/org/jetbrains/kotlinx/kotlinx-coroutines-core-jvm/1.6.3/kotlinx-coroutines-core-jvm-1.6.3.jar:/Users/javedshaikh/.m2/repository/org/jetbrains/kotlinx/kotlinx-coroutines-jdk8/1.6.3/kotlinx-coroutines-jdk8-1.6.3.jar:/Users/javedshaikh/.m2/repository/org/jetbrains/kotlinx/kotlinx-coroutines-reactor/1.6.3/kotlinx-coroutines-reactor-1.6.3.jar:/Users/javedshaikh/.m2/repository/org/jetbrains/kotlinx/kotlinx-coroutines-reactive/1.6.3/kotlinx-coroutines-reactive-1.6.3.jar:/Users/javedshaikh/.m2/repository/com/netflix/graphql/dgs/graphql-dgs-spring-webmvc/5.0.0/graphql-dgs-spring-webmvc-5.0.0.jar:/Users/javedshaikh/.m2/repository/org/apache/commons/commons-lang3/3.12.0/commons-lang3-3.12.0.jar:/Users/javedshaikh/.m2/repository/com/netflix/graphql/dgs/graphql-dgs-spring-webmvc-autoconfigure/5.0.0/graphql-dgs-spring-webmvc-autoconfigure-5.0.0.jar:/Users/javedshaikh/.m2/repository/jakarta/servlet/jakarta.servlet-api/4.0.4/jakarta.servlet-api-4.0.4.jar:/Users/javedshaikh/.m2/repository/com/fasterxml/jackson/module/jackson-module-kotlin/2.13.3/jackson-module-kotlin-2.13.3.jar:/Users/javedshaikh/.m2/repository/com/netflix/graphql/dgs/graphql-dgs-client/5.0.0/graphql-dgs-client-5.0.0.jar:/Users/javedshaikh/.m2/repository/io/projectreactor/reactor-core/3.4.19/reactor-core-3.4.19.jar:/Users/javedshaikh/.m2/repository/org/reactivestreams/reactive-streams/1.0.4/reactive-streams-1.0.4.jar:/Users/javedshaikh/.m2/repository/com/fasterxml/jackson/core/jackson-annotations/2.13.3/jackson-annotations-2.13.3.jar:/Users/javedshaikh/.m2/repository/com/netflix/graphql/dgs/graphql-dgs-subscription-types/5.0.0/graphql-dgs-subscription-types-5.0.0.jar:/Users/javedshaikh/.m2/repository/org/springframework/spring-webflux/5.3.21/spring-webflux-5.3.21.jar:/Users/javedshaikh/.m2/repository/com/graphql-java/graphql-java/18.1/graphql-java-18.1.jar:/Users/javedshaikh/.m2/repository/com/graphql-java/java-dataloader/3.1.2/java-dataloader-3.1.2.jar:/Users/javedshaikh/.m2/repository/org/antlr/antlr4-runtime/4.9.3/antlr4-runtime-4.9.3.jar:/Users/javedshaikh/.m2/repository/com/netflix/graphql/dgs/graphql-error-types/5.0.0/graphql-error-types-5.0.0.jar:/Users/javedshaikh/.m2/repository/org/jetbrains/kotlin/kotlin-stdlib-jdk8/1.6.21/kotlin-stdlib-jdk8-1.6.21.jar:/Users/javedshaikh/.m2/repository/org/jetbrains/kotlin/kotlin-stdlib/1.6.21/kotlin-stdlib-1.6.21.jar:/Users/javedshaikh/.m2/repository/org/jetbrains/kotlin/kotlin-stdlib-common/1.6.21/kotlin-stdlib-common-1.6.21.jar:/Users/javedshaikh/.m2/repository/org/jetbrains/annotations/13.0/annotations-13.0.jar:/Users/javedshaikh/.m2/repository/org/jetbrains/kotlin/kotlin-stdlib-jdk7/1.6.21/kotlin-stdlib-jdk7-1.6.21.jar:/Users/javedshaikh/.m2/repository/org/springframework/boot/spring-boot-starter-websocket/2.7.1/spring-boot-starter-websocket-2.7.1.jar:/Users/javedshaikh/.m2/repository/org/springframework/spring-messaging/5.3.21/spring-messaging-5.3.21.jar:/Users/javedshaikh/.m2/repository/org/springframework/spring-websocket/5.3.21/spring-websocket-5.3.21.jar:/Users/javedshaikh/.m2/repository/org/wiremock/wiremock-standalone/3.5.1/wiremock-standalone-3.5.1.jar:"/>
    <property name="java.vm.vendor" value="Oracle Corporation"/>
    <property name="sun.arch.data.model" value="64"/>
    <property name="java.vendor.url" value="https://java.oracle.com/"/>
    <property name="os.name" value="Mac OS X"/>
    <property name="java.vm.specification.version" value="17"/>
    <property name="sun.java.launcher" value="SUN_STANDARD"/>
    <property name="user.country" value="US"/>
    <property name="sun.boot.library.path" value="/Library/Java/JavaVirtualMachines/jdk-17.jdk/Contents/Home/lib"/>
    <property name="sun.java.command" value="/Users/javedshaikh/Desktop/Javed/Projects/wiremock-graphql-1/target/surefire/surefirebooter11534005899344587211.jar /Users/javedshaikh/Desktop/Javed/Projects/wiremock-graphql-1/target/surefire 2024-12-19T18-57-58_242-jvmRun1 surefire18070637827028094673tmp surefire_03295839980572178204tmp"/>
    <property name="http.nonProxyHosts" value="local|*.local|169.254/16|*.169.254/16"/>
    <property name="jdk.debug" value="release"/>
    <property name="surefire.test.class.path" value="/Users/javedshaikh/Desktop/Javed/Projects/wiremock-graphql-1/target/test-classes:/Users/javedshaikh/Desktop/Javed/Projects/wiremock-graphql-1/target/classes:/Users/javedshaikh/.m2/repository/org/springframework/boot/spring-boot-starter-web/2.7.1/spring-boot-starter-web-2.7.1.jar:/Users/javedshaikh/.m2/repository/org/springframework/boot/spring-boot-starter/2.7.1/spring-boot-starter-2.7.1.jar:/Users/javedshaikh/.m2/repository/org/springframework/boot/spring-boot/2.7.1/spring-boot-2.7.1.jar:/Users/javedshaikh/.m2/repository/org/springframework/boot/spring-boot-autoconfigure/2.7.1/spring-boot-autoconfigure-2.7.1.jar:/Users/javedshaikh/.m2/repository/jakarta/annotation/jakarta.annotation-api/1.3.5/jakarta.annotation-api-1.3.5.jar:/Users/javedshaikh/.m2/repository/org/yaml/snakeyaml/1.30/snakeyaml-1.30.jar:/Users/javedshaikh/.m2/repository/org/springframework/boot/spring-boot-starter-json/2.7.1/spring-boot-starter-json-2.7.1.jar:/Users/javedshaikh/.m2/repository/com/fasterxml/jackson/core/jackson-databind/2.13.3/jackson-databind-2.13.3.jar:/Users/javedshaikh/.m2/repository/com/fasterxml/jackson/core/jackson-core/2.13.3/jackson-core-2.13.3.jar:/Users/javedshaikh/.m2/repository/com/fasterxml/jackson/datatype/jackson-datatype-jdk8/2.13.3/jackson-datatype-jdk8-2.13.3.jar:/Users/javedshaikh/.m2/repository/com/fasterxml/jackson/datatype/jackson-datatype-jsr310/2.13.3/jackson-datatype-jsr310-2.13.3.jar:/Users/javedshaikh/.m2/repository/com/fasterxml/jackson/module/jackson-module-parameter-names/2.13.3/jackson-module-parameter-names-2.13.3.jar:/Users/javedshaikh/.m2/repository/org/springframework/boot/spring-boot-starter-tomcat/2.7.1/spring-boot-starter-tomcat-2.7.1.jar:/Users/javedshaikh/.m2/repository/org/apache/tomcat/embed/tomcat-embed-core/9.0.64/tomcat-embed-core-9.0.64.jar:/Users/javedshaikh/.m2/repository/org/apache/tomcat/embed/tomcat-embed-el/9.0.64/tomcat-embed-el-9.0.64.jar:/Users/javedshaikh/.m2/repository/org/apache/tomcat/embed/tomcat-embed-websocket/9.0.64/tomcat-embed-websocket-9.0.64.jar:/Users/javedshaikh/.m2/repository/org/springframework/spring-web/5.3.21/spring-web-5.3.21.jar:/Users/javedshaikh/.m2/repository/org/springframework/spring-beans/5.3.21/spring-beans-5.3.21.jar:/Users/javedshaikh/.m2/repository/org/springframework/spring-webmvc/5.3.21/spring-webmvc-5.3.21.jar:/Users/javedshaikh/.m2/repository/org/springframework/spring-aop/5.3.21/spring-aop-5.3.21.jar:/Users/javedshaikh/.m2/repository/org/springframework/spring-context/5.3.21/spring-context-5.3.21.jar:/Users/javedshaikh/.m2/repository/org/springframework/spring-expression/5.3.21/spring-expression-5.3.21.jar:/Users/javedshaikh/.m2/repository/org/springframework/boot/spring-boot-starter-test/2.7.1/spring-boot-starter-test-2.7.1.jar:/Users/javedshaikh/.m2/repository/org/springframework/boot/spring-boot-test/2.7.1/spring-boot-test-2.7.1.jar:/Users/javedshaikh/.m2/repository/org/springframework/boot/spring-boot-test-autoconfigure/2.7.1/spring-boot-test-autoconfigure-2.7.1.jar:/Users/javedshaikh/.m2/repository/com/jayway/jsonpath/json-path/2.7.0/json-path-2.7.0.jar:/Users/javedshaikh/.m2/repository/net/minidev/json-smart/2.4.8/json-smart-2.4.8.jar:/Users/javedshaikh/.m2/repository/net/minidev/accessors-smart/2.4.8/accessors-smart-2.4.8.jar:/Users/javedshaikh/.m2/repository/org/ow2/asm/asm/9.1/asm-9.1.jar:/Users/javedshaikh/.m2/repository/org/slf4j/slf4j-api/1.7.36/slf4j-api-1.7.36.jar:/Users/javedshaikh/.m2/repository/jakarta/xml/bind/jakarta.xml.bind-api/2.3.3/jakarta.xml.bind-api-2.3.3.jar:/Users/javedshaikh/.m2/repository/jakarta/activation/jakarta.activation-api/1.2.2/jakarta.activation-api-1.2.2.jar:/Users/javedshaikh/.m2/repository/org/assertj/assertj-core/3.22.0/assertj-core-3.22.0.jar:/Users/javedshaikh/.m2/repository/org/hamcrest/hamcrest/2.2/hamcrest-2.2.jar:/Users/javedshaikh/.m2/repository/org/junit/jupiter/junit-jupiter/5.8.2/junit-jupiter-5.8.2.jar:/Users/javedshaikh/.m2/repository/org/junit/jupiter/junit-jupiter-api/5.8.2/junit-jupiter-api-5.8.2.jar:/Users/javedshaikh/.m2/repository/org/opentest4j/opentest4j/1.2.0/opentest4j-1.2.0.jar:/Users/javedshaikh/.m2/repository/org/junit/platform/junit-platform-commons/1.8.2/junit-platform-commons-1.8.2.jar:/Users/javedshaikh/.m2/repository/org/apiguardian/apiguardian-api/1.1.2/apiguardian-api-1.1.2.jar:/Users/javedshaikh/.m2/repository/org/junit/jupiter/junit-jupiter-params/5.8.2/junit-jupiter-params-5.8.2.jar:/Users/javedshaikh/.m2/repository/org/junit/jupiter/junit-jupiter-engine/5.8.2/junit-jupiter-engine-5.8.2.jar:/Users/javedshaikh/.m2/repository/org/junit/platform/junit-platform-engine/1.8.2/junit-platform-engine-1.8.2.jar:/Users/javedshaikh/.m2/repository/org/mockito/mockito-core/4.5.1/mockito-core-4.5.1.jar:/Users/javedshaikh/.m2/repository/net/bytebuddy/byte-buddy/1.12.11/byte-buddy-1.12.11.jar:/Users/javedshaikh/.m2/repository/net/bytebuddy/byte-buddy-agent/1.12.11/byte-buddy-agent-1.12.11.jar:/Users/javedshaikh/.m2/repository/org/objenesis/objenesis/3.2/objenesis-3.2.jar:/Users/javedshaikh/.m2/repository/org/mockito/mockito-junit-jupiter/4.5.1/mockito-junit-jupiter-4.5.1.jar:/Users/javedshaikh/.m2/repository/org/skyscreamer/jsonassert/1.5.0/jsonassert-1.5.0.jar:/Users/javedshaikh/.m2/repository/com/vaadin/external/google/android-json/0.0.20131108.vaadin1/android-json-0.0.20131108.vaadin1.jar:/Users/javedshaikh/.m2/repository/org/springframework/spring-core/5.3.21/spring-core-5.3.21.jar:/Users/javedshaikh/.m2/repository/org/springframework/spring-jcl/5.3.21/spring-jcl-5.3.21.jar:/Users/javedshaikh/.m2/repository/org/springframework/spring-test/5.3.21/spring-test-5.3.21.jar:/Users/javedshaikh/.m2/repository/org/xmlunit/xmlunit-core/2.9.0/xmlunit-core-2.9.0.jar:/Users/javedshaikh/.m2/repository/org/springframework/boot/spring-boot-starter-logging/2.7.1/spring-boot-starter-logging-2.7.1.jar:/Users/javedshaikh/.m2/repository/ch/qos/logback/logback-classic/1.2.11/logback-classic-1.2.11.jar:/Users/javedshaikh/.m2/repository/ch/qos/logback/logback-core/1.2.11/logback-core-1.2.11.jar:/Users/javedshaikh/.m2/repository/org/apache/logging/log4j/log4j-to-slf4j/2.17.2/log4j-to-slf4j-2.17.2.jar:/Users/javedshaikh/.m2/repository/org/apache/logging/log4j/log4j-api/2.17.2/log4j-api-2.17.2.jar:/Users/javedshaikh/.m2/repository/org/slf4j/jul-to-slf4j/1.7.36/jul-to-slf4j-1.7.36.jar:/Users/javedshaikh/.m2/repository/com/netflix/graphql/dgs/graphql-dgs-spring-boot-starter/5.0.0/graphql-dgs-spring-boot-starter-5.0.0.jar:/Users/javedshaikh/.m2/repository/com/netflix/graphql/dgs/graphql-dgs-spring-boot-oss-autoconfigure/5.0.0/graphql-dgs-spring-boot-oss-autoconfigure-5.0.0.jar:/Users/javedshaikh/.m2/repository/com/netflix/graphql/dgs/graphql-dgs/5.0.0/graphql-dgs-5.0.0.jar:/Users/javedshaikh/.m2/repository/com/netflix/graphql/dgs/graphql-dgs-mocking/5.0.0/graphql-dgs-mocking-5.0.0.jar:/Users/javedshaikh/.m2/repository/net/datafaker/datafaker/1.3.0/datafaker-1.3.0.jar:/Users/javedshaikh/.m2/repository/com/github/mifmif/generex/1.0.2/generex-1.0.2.jar:/Users/javedshaikh/.m2/repository/dk/brics/automaton/automaton/1.11-8/automaton-1.11-8.jar:/Users/javedshaikh/.m2/repository/org/jetbrains/kotlin/kotlin-reflect/1.6.21/kotlin-reflect-1.6.21.jar:/Users/javedshaikh/.m2/repository/com/apollographql/federation/federation-graphql-java-support/2.0.0/federation-graphql-java-support-2.0.0.jar:/Users/javedshaikh/.m2/repository/com/apollographql/federation/federation-graphql-java-support-api/2.0.0/federation-graphql-java-support-api-2.0.0.jar:/Users/javedshaikh/.m2/repository/com/google/protobuf/protobuf-java/3.19.4/protobuf-java-3.19.4.jar:/Users/javedshaikh/.m2/repository/org/jetbrains/kotlinx/kotlinx-coroutines-core/1.6.3/kotlinx-coroutines-core-1.6.3.jar:/Users/javedshaikh/.m2/repository/org/jetbrains/kotlinx/kotlinx-coroutines-core-jvm/1.6.3/kotlinx-coroutines-core-jvm-1.6.3.jar:/Users/javedshaikh/.m2/repository/org/jetbrains/kotlinx/kotlinx-coroutines-jdk8/1.6.3/kotlinx-coroutines-jdk8-1.6.3.jar:/Users/javedshaikh/.m2/repository/org/jetbrains/kotlinx/kotlinx-coroutines-reactor/1.6.3/kotlinx-coroutines-reactor-1.6.3.jar:/Users/javedshaikh/.m2/repository/org/jetbrains/kotlinx/kotlinx-coroutines-reactive/1.6.3/kotlinx-coroutines-reactive-1.6.3.jar:/Users/javedshaikh/.m2/repository/com/netflix/graphql/dgs/graphql-dgs-spring-webmvc/5.0.0/graphql-dgs-spring-webmvc-5.0.0.jar:/Users/javedshaikh/.m2/repository/org/apache/commons/commons-lang3/3.12.0/commons-lang3-3.12.0.jar:/Users/javedshaikh/.m2/repository/com/netflix/graphql/dgs/graphql-dgs-spring-webmvc-autoconfigure/5.0.0/graphql-dgs-spring-webmvc-autoconfigure-5.0.0.jar:/Users/javedshaikh/.m2/repository/jakarta/servlet/jakarta.servlet-api/4.0.4/jakarta.servlet-api-4.0.4.jar:/Users/javedshaikh/.m2/repository/com/fasterxml/jackson/module/jackson-module-kotlin/2.13.3/jackson-module-kotlin-2.13.3.jar:/Users/javedshaikh/.m2/repository/com/netflix/graphql/dgs/graphql-dgs-client/5.0.0/graphql-dgs-client-5.0.0.jar:/Users/javedshaikh/.m2/repository/io/projectreactor/reactor-core/3.4.19/reactor-core-3.4.19.jar:/Users/javedshaikh/.m2/repository/org/reactivestreams/reactive-streams/1.0.4/reactive-streams-1.0.4.jar:/Users/javedshaikh/.m2/repository/com/fasterxml/jackson/core/jackson-annotations/2.13.3/jackson-annotations-2.13.3.jar:/Users/javedshaikh/.m2/repository/com/netflix/graphql/dgs/graphql-dgs-subscription-types/5.0.0/graphql-dgs-subscription-types-5.0.0.jar:/Users/javedshaikh/.m2/repository/org/springframework/spring-webflux/5.3.21/spring-webflux-5.3.21.jar:/Users/javedshaikh/.m2/repository/com/graphql-java/graphql-java/18.1/graphql-java-18.1.jar:/Users/javedshaikh/.m2/repository/com/graphql-java/java-dataloader/3.1.2/java-dataloader-3.1.2.jar:/Users/javedshaikh/.m2/repository/org/antlr/antlr4-runtime/4.9.3/antlr4-runtime-4.9.3.jar:/Users/javedshaikh/.m2/repository/com/netflix/graphql/dgs/graphql-error-types/5.0.0/graphql-error-types-5.0.0.jar:/Users/javedshaikh/.m2/repository/org/jetbrains/kotlin/kotlin-stdlib-jdk8/1.6.21/kotlin-stdlib-jdk8-1.6.21.jar:/Users/javedshaikh/.m2/repository/org/jetbrains/kotlin/kotlin-stdlib/1.6.21/kotlin-stdlib-1.6.21.jar:/Users/javedshaikh/.m2/repository/org/jetbrains/kotlin/kotlin-stdlib-common/1.6.21/kotlin-stdlib-common-1.6.21.jar:/Users/javedshaikh/.m2/repository/org/jetbrains/annotations/13.0/annotations-13.0.jar:/Users/javedshaikh/.m2/repository/org/jetbrains/kotlin/kotlin-stdlib-jdk7/1.6.21/kotlin-stdlib-jdk7-1.6.21.jar:/Users/javedshaikh/.m2/repository/org/springframework/boot/spring-boot-starter-websocket/2.7.1/spring-boot-starter-websocket-2.7.1.jar:/Users/javedshaikh/.m2/repository/org/springframework/spring-messaging/5.3.21/spring-messaging-5.3.21.jar:/Users/javedshaikh/.m2/repository/org/springframework/spring-websocket/5.3.21/spring-websocket-5.3.21.jar:/Users/javedshaikh/.m2/repository/org/wiremock/wiremock-standalone/3.5.1/wiremock-standalone-3.5.1.jar:"/>
    <property name="sun.cpu.endian" value="little"/>
    <property name="user.home" value="/Users/javedshaikh"/>
    <property name="user.language" value="en"/>
    <property name="java.specification.vendor" value="Oracle Corporation"/>
    <property name="java.version.date" value="2024-07-16"/>
    <property name="java.home" value="/Library/Java/JavaVirtualMachines/jdk-17.jdk/Contents/Home"/>
    <property name="file.separator" value="/"/>
    <property name="basedir" value="/Users/javedshaikh/Desktop/Javed/Projects/wiremock-graphql-1"/>
    <property name="java.vm.compressedOopsMode" value="Zero based"/>
    <property name="line.separator" value="&#10;"/>
    <property name="java.specification.name" value="Java Platform API Specification"/>
    <property name="java.vm.specification.vendor" value="Oracle Corporation"/>
    <property name="surefire.real.class.path" value="/Users/javedshaikh/Desktop/Javed/Projects/wiremock-graphql-1/target/surefire/surefirebooter11534005899344587211.jar"/>
    <property name="sun.management.compiler" value="HotSpot 64-Bit Tiered Compilers"/>
    <property name="ftp.nonProxyHosts" value="local|*.local|169.254/16|*.169.254/16"/>
    <property name="java.runtime.version" value="17.0.12+8-LTS-286"/>
    <property name="user.name" value="javedshaikh"/>
    <property name="path.separator" value=":"/>
    <property name="os.version" value="15.1.1"/>
    <property name="java.runtime.name" value="Java(TM) SE Runtime Environment"/>
    <property name="file.encoding" value="UTF-8"/>
    <property name="java.vm.name" value="Java HotSpot(TM) 64-Bit Server VM"/>
    <property name="localRepository" value="/Users/javedshaikh/.m2/repository"/>
    <property name="java.vendor.url.bug" value="https://bugreport.java.com/bugreport/"/>
    <property name="java.io.tmpdir" value="/var/folders/bt/mxzs89m9449_fkpxgpzbnhd40000gn/T/"/>
    <property name="java.version" value="17.0.12"/>
    <property name="user.dir" value="/Users/javedshaikh/Desktop/Javed/Projects/wiremock-graphql-1"/>
    <property name="os.arch" value="aarch64"/>
    <property name="java.vm.specification.name" value="Java Virtual Machine Specification"/>
    <property name="native.encoding" value="UTF-8"/>
    <property name="java.library.path" value="/Users/javedshaikh/Library/Java/Extensions:/Library/Java/Extensions:/Network/Library/Java/Extensions:/System/Library/Java/Extensions:/usr/lib/java:."/>
    <property name="java.vm.info" value="mixed mode, sharing"/>
    <property name="java.vendor" value="Oracle Corporation"/>
    <property name="java.vm.version" value="17.0.12+8-LTS-286"/>
    <property name="sun.io.unicode.encoding" value="UnicodeBig"/>
    <property name="socksNonProxyHosts" value="local|*.local|169.254/16|*.169.254/16"/>
    <property name="java.class.version" value="61.0"/>
  </properties>
  <testcase name="com.javathoughts.wiremock_graphql_1.GraphQLTest" classname="com.javathoughts.wiremock_graphql_1.GraphQLTest" time="0.189">
    <error message="Connect to http://localhost:8089 [localhost/127.0.0.1] failed: Connection refused" type="wiremock.org.apache.hc.client5.http.HttpHostConnectException">wiremock.org.apache.hc.client5.http.HttpHostConnectException: Connect to http://localhost:8089 [localhost/127.0.0.1] failed: Connection refused
	at com.javathoughts.wiremock_graphql_1.GraphQLTest.setupWireMock(GraphQLTest.java:24)
</error>
    <system-out><![CDATA[2024-12-19 18:57:59.570  INFO 9745 --- [           main] .b.t.c.SpringBootTestContextBootstrapper : Neither @ContextConfiguration nor @ContextHierarchy found for test class [com.javathoughts.wiremock_graphql_1.GraphQLTest], using SpringBootContextLoader
2024-12-19 18:57:59.570  INFO 9745 --- [           main] o.s.t.c.support.AbstractContextLoader    : Could not detect default resource locations for test class [com.javathoughts.wiremock_graphql_1.GraphQLTest]: no resource found for suffixes {-context.xml, Context.groovy}.
2024-12-19 18:57:59.570  INFO 9745 --- [           main] t.c.s.AnnotationConfigContextLoaderUtils : Could not detect default configuration classes for test class [com.javathoughts.wiremock_graphql_1.GraphQLTest]: GraphQLTest does not declare any static, non-private, non-final, nested classes annotated with @Configuration.
2024-12-19 18:57:59.571  INFO 9745 --- [           main] .b.t.c.SpringBootTestContextBootstrapper : Found @SpringBootConfiguration com.javathoughts.wiremock_graphql_1.WiremockGraphql1Application for test class com.javathoughts.wiremock_graphql_1.GraphQLTest
2024-12-19 18:57:59.572  INFO 9745 --- [           main] .b.t.c.SpringBootTestContextBootstrapper : Loaded default TestExecutionListener class names from location [META-INF/spring.factories]: [org.springframework.boot.test.mock.mockito.MockitoTestExecutionListener, org.springframework.boot.test.mock.mockito.ResetMocksTestExecutionListener, org.springframework.boot.test.autoconfigure.restdocs.RestDocsTestExecutionListener, org.springframework.boot.test.autoconfigure.web.client.MockRestServiceServerResetTestExecutionListener, org.springframework.boot.test.autoconfigure.web.servlet.MockMvcPrintOnlyOnFailureTestExecutionListener, org.springframework.boot.test.autoconfigure.web.servlet.WebDriverTestExecutionListener, org.springframework.boot.test.autoconfigure.webservices.client.MockWebServiceServerTestExecutionListener, org.springframework.test.context.web.ServletTestExecutionListener, org.springframework.test.context.support.DirtiesContextBeforeModesTestExecutionListener, org.springframework.test.context.event.ApplicationEventsTestExecutionListener, org.springframework.test.context.support.DependencyInjectionTestExecutionListener, org.springframework.test.context.support.DirtiesContextTestExecutionListener, org.springframework.test.context.transaction.TransactionalTestExecutionListener, org.springframework.test.context.jdbc.SqlScriptsTestExecutionListener, org.springframework.test.context.event.EventPublishingTestExecutionListener]
2024-12-19 18:57:59.572  INFO 9745 --- [           main] .b.t.c.SpringBootTestContextBootstrapper : Using TestExecutionListeners: [org.springframework.test.context.web.ServletTestExecutionListener@1c8f71a7, org.springframework.test.context.support.DirtiesContextBeforeModesTestExecutionListener@27e21083, org.springframework.test.context.event.ApplicationEventsTestExecutionListener@67a6a2d0, org.springframework.boot.test.mock.mockito.MockitoTestExecutionListener@49e0b123, org.springframework.boot.test.autoconfigure.SpringBootDependencyInjectionTestExecutionListener@2e85e3f1, org.springframework.test.context.support.DirtiesContextTestExecutionListener@195498aa, org.springframework.test.context.event.EventPublishingTestExecutionListener@4b360972, org.springframework.boot.test.mock.mockito.ResetMocksTestExecutionListener@793d09e, org.springframework.boot.test.autoconfigure.restdocs.RestDocsTestExecutionListener@68821f6, org.springframework.boot.test.autoconfigure.web.client.MockRestServiceServerResetTestExecutionListener@3ba46845, org.springframework.boot.test.autoconfigure.web.servlet.MockMvcPrintOnlyOnFailureTestExecutionListener@40a28bda, org.springframework.boot.test.autoconfigure.web.servlet.WebDriverTestExecutionListener@592cb470, org.springframework.boot.test.autoconfigure.webservices.client.MockWebServiceServerTestExecutionListener@1e6cb932]
]]></system-out>
  </testcase>
</testsuite>